{"message":"Listening on Port = 3000","level":"info"}
{"message":"Connected to Database","level":"info"}
{"message":"Listening on Port = 3000","level":"info"}
{"message":"Connected to Database","level":"info"}
{"message":"Listening on Port = 3000","level":"info"}
{"message":"Connected to Database","level":"info"}
{"message":"Listening on Port = 3000","level":"info"}
{"message":"Connected to Database","level":"info"}
{"message":"Listening on Port = 3000","level":"info"}
{"message":"Connected to Database","level":"info"}
{"message":"Listening on Port = 3000","level":"info"}
{"message":"Connected to Database","level":"info"}
{"message":"Listening on Port = 3000","level":"info"}
{"message":"Connected to Database","level":"info"}
{"message":"Listening on Port = 3000","level":"info"}
{"message":"Connected to Database","level":"info"}
{"message":"Listening on Port = 3000","level":"info"}
{"message":"Connected to Database","level":"info"}
{"message":"Listening on Port = 3000","level":"info"}
{"message":"Connected to Database","level":"info"}
{"message":"Listening on Port = 3000","level":"info"}
{"message":"Listening on Port = 3000","level":"info"}
{"message":"Listening on Port = 3000","level":"info"}
{"message":"Listening on Port = 3000","level":"info"}
{"message":"Connected to Database","level":"info"}
{"message":"Listening on Port = 3000","level":"info"}
{"message":"Listening on Port = 3000","level":"info"}
{"message":"Connected to Database","level":"info"}
{"message":"Listening on Port = 3000","level":"info"}
{"message":"Listening on Port = 3000","level":"info"}
{"message":"Connected to Database","level":"info"}
{"message":"Listening on Port = 3000","level":"info"}
{"message":"Listening on Port = 3000","level":"info"}
{"message":"Connected to Database","level":"info"}
{"message":"Listening on Port = 3000","level":"info"}
{"message":"Listening on Port = 3000","level":"info"}
{"message":"Connected to Database","level":"info"}
{"message":"Listening on Port = 3000","level":"info"}
{"message":"Listening on Port = 3000","level":"info"}
{"message":"Connected to Database","level":"info"}
{"message":"Listening on Port = 3000","level":"info"}
{"message":"Listening on Port = 3000","level":"info"}
{"message":"Connected to Database","level":"info"}
{"message":"Listening on Port = 3000","level":"info"}
{"message":"Listening on Port = 3000","level":"info"}
{"message":"Connected to Database","level":"info"}
{"message":"Listening on Port = 3000","level":"info"}
{"message":"Listening on Port = 3000","level":"info"}
{"message":"Connected to Database","level":"info"}
{"message":"Listening on Port = 3000","level":"info"}
{"message":"Listening on Port = 3000","level":"info"}
{"message":"Listening on Port = 3000","level":"info"}
{"message":"Listening on Port = 3000","level":"info"}
{"message":"Connected to Database","level":"info"}
{"message":"Listening on Port = 3000","level":"info"}
{"message":"Listening on Port = 3000","level":"info"}
{"message":"Connected to Database","level":"info"}
{"message":"Listening on Port = 3000","level":"info"}
{"message":"Listening on Port = 3000","level":"info"}
{"message":"Connected to Database","level":"info"}
{"message":"Listening on Port = 3000","level":"info"}
{"message":"Listening on Port = 3000","level":"info"}
{"message":"Listening on Port = 3000","level":"info"}
{"message":"Listening on Port = 3000","level":"info"}
{"message":"Connected to Database","level":"info"}
{"message":"Listening on Port = 3000","level":"info"}
{"message":"Listening on Port = 3000","level":"info"}
{"message":"Connected to Database","level":"info"}
{"message":"Listening on Port = 3000","level":"info"}
{"message":"Listening on Port = 3000","level":"info"}
{"message":"Connected to Database","level":"info"}
{"message":"Listening on Port = 3000","level":"info"}
{"message":"Listening on Port = 3000","level":"info"}
{"message":"Connected to Database","level":"info"}
{"message":"Listening on Port = 3000","level":"info"}
{"message":"Listening on Port = 3000","level":"info"}
{"message":"Connected to Database","level":"info"}
{"message":"Listening on Port = 3000","level":"info"}
{"message":"Listening on Port = 3000","level":"info"}
{"message":"Connected to Database","level":"info"}
{"message":"Listening on Port = 3000","level":"info"}
{"message":"Listening on Port = 3000","level":"info"}
{"message":"Connected to Database","level":"info"}
{"message":"Listening on Port = 3000","level":"info"}
{"message":"Listening on Port = 3000","level":"info"}
{"message":"Connected to Database","level":"info"}
{"message":"Listening on Port = 3000","level":"info"}
{"message":"Listening on Port = 3000","level":"info"}
{"message":"Connected to Database","level":"info"}
{"message":"Listening on Port = 3000","level":"info"}
{"message":"Listening on Port = 3000","level":"info"}
{"message":"Listening on Port = 3000","level":"info"}
{"message":"Listening on Port = 3000","level":"info"}
{"message":"Listening on Port = 3000","level":"info"}
{"message":"Listening on Port = 3000","level":"info"}
{"message":"Listening on Port = 3000","level":"info"}
{"message":"Listening on Port = 3000","level":"info"}
{"message":"Listening on Port = 3000","level":"info"}
{"message":"Listening on Port = 3000","level":"info"}
{"message":"Listening on Port = 3000","level":"info"}
{"message":"Listening on Port = 3000","level":"info"}
{"message":"Listening on Port = 3000","level":"info"}
{"message":"Listening on Port = 3000","level":"info"}
{"message":"Listening on Port = 3000","level":"info"}
{"message":"Connected to Database","level":"info"}
{"message":"Listening on Port = 3000","level":"info"}
{"message":"Listening on Port = 3000","level":"info"}
{"message":"Listening on Port = 3000","level":"info"}
{"message":"Listening on Port = 3000","level":"info"}
{"message":"Connected to Database","level":"info"}
{"message":"Listening on Port = 3000","level":"info"}
{"message":"Listening on Port = 3000","level":"info"}
{"message":"Connected to Database","level":"info"}
{"message":"Connected to Database","level":"info"}
{"message":"Listening on Port = 3000","level":"info"}
{"message":"Listening on Port = 3000","level":"info"}
{"message":"Connected to Database","level":"info"}
{"message":"Listening on Port = 3000","level":"info"}
{"message":"Connected to Database","level":"info"}
{"message":"Listening on Port = 3000","level":"info"}
{"message":"Listening on Port = 3000","level":"info"}
{"message":"Connected to Database","level":"info"}
{"message":"Listening on Port = 3000","level":"info"}
{"message":"Listening on Port = 3000","level":"info"}
{"message":"Connected to Database","level":"info"}
{"message":"Listening on Port = 3000","level":"info"}
{"message":"Connected to Database","level":"info"}
{"message":"Listening on Port = 3000","level":"info"}
{"message":"Listening on Port = 3000","level":"info"}
{"message":"Connected to Database","level":"info"}
{"message":"Listening on Port = 3000","level":"info"}
{"message":"Listening on Port = 3000","level":"info"}
{"message":"Connected to Database","level":"info"}
{"message":"Listening on Port = 3000","level":"info"}
{"message":"Listening on Port = 3000","level":"info"}
{"message":"Connected to Database","level":"info"}
{"message":"Listening on Port = 3000","level":"info"}
{"message":"Listening on Port = 3000","level":"info"}
{"message":"Listening on Port = 3000","level":"info"}
{"message":"Connected to Database","level":"info"}
{"message":"Listening on Port = 3000","level":"info"}
{"message":"Listening on Port = 3000","level":"info"}
{"message":"Connected to Database","level":"info"}
{"message":"Listening on Port = 3000","level":"info"}
{"message":"Connected to Database","level":"info"}
{"message":"Listening on Port = 3000","level":"info"}
{"message":"Connected to Database","level":"info"}
{"message":"Listening on Port = 3000","level":"info"}
{"message":"Connected to Database","level":"info"}
{"message":"Listening on Port = 3000","level":"info"}
{"message":"Connected to Database","level":"info"}
{"message":"Listening on Port = 3000","level":"info"}
{"message":"Connected to Database","level":"info"}
{"message":"Connected to Database","level":"info"}
{"message":"Connected to Database","level":"info"}
{"message":"Connected to Database","level":"info"}
{"message":"Connected to Database","level":"info"}
{"message":"Listening on Port = 3000","level":"info"}
{"message":"Connected to Database","level":"info"}
{"message":"Listening on Port = 3000","level":"info"}
{"message":"Connected to Database","level":"info"}
{"message":"Listening on Port = 3000","level":"info"}
{"message":"Connected to Database","level":"info"}
{"message":"Listening on Port = 3000","level":"info"}
{"message":"Connected to Database","level":"info"}
{"message":"Listening on Port = 3000","level":"info"}
{"message":"Connected to Database","level":"info"}
{"message":"Listening on Port = 3000","level":"info"}
{"message":"Connected to Database","level":"info"}
{"message":"Listening on Port = 3000","level":"info"}
{"message":"Connected to Database","level":"info"}
{"message":"Listening on Port = 3000","level":"info"}
{"message":"Connected to Database","level":"info"}
{"message":"Listening on Port = 3000","level":"info"}
{"message":"Connected to Database","level":"info"}
{"message":"Listening on Port = 3000","level":"info"}
{"message":"Connected to Database","level":"info"}
{"message":"Listening on Port = 3000","level":"info"}
{"message":"Connected to Database","level":"info"}
{"message":"Listening on Port = 3000","level":"info"}
{"message":"Connected to Database","level":"info"}
{"message":"Listening on Port = 3000","level":"info"}
{"message":"Connected to Database","level":"info"}
{"message":"Listening on Port = 3000","level":"info"}
{"message":"Connected to Database","level":"info"}
{"message":"Listening on Port = 3000","level":"info"}
{"message":"Connected to Database","level":"info"}
{"message":"Listening on Port = 3000","level":"info"}
{"message":"Connected to Database","level":"info"}
{"message":"Listening on Port = 3000","level":"info"}
{"message":"Listening on Port = 3000","level":"info"}
{"message":"Connected to Database","level":"info"}
{"message":"Listening on Port = 3000","level":"info"}
{"message":"Connected to Database","level":"info"}
{"message":"Listening on Port = 3000","level":"info"}
{"message":"Connected to Database","level":"info"}
{"message":"Listening on Port = 3000","level":"info"}
{"message":"Connected to Database","level":"info"}
{"message":"Listening on Port = 3000","level":"info"}
{"message":"Connected to Database","level":"info"}
{"message":"Listening on Port = 3000","level":"info"}
{"message":"Connected to Database","level":"info"}
{"message":"Listening on Port = 3000","level":"info"}
{"message":"Connected to Database","level":"info"}
{"message":"Listening on Port = 3000","level":"info"}
{"message":"Connected to Database","level":"info"}
{"message":"Connected to Database","level":"info"}
{"message":"Cannot connect to db","level":"error"}
{"message":"Listening on Port = 3000","level":"info"}
{"message":"Connected to Database","level":"info"}
{"message":"Listening on Port = 3000","level":"info"}
{"message":"Connected to Database","level":"info"}
{"message":"Listening on Port = 3000","level":"info"}
{"message":"Connected to Database","level":"info"}
{"message":"Cannot connect to db","level":"error"}
{"message":"Listening on Port = 3000","level":"info"}
{"message":"Connected to Database","level":"info"}
{"message":"Listening on Port = 3000","level":"info"}
{"message":"Connected to Database","level":"info"}
{"message":"Listening on Port = 3000","level":"info"}
{"message":"Connected to Database","level":"info"}
{"message":"Listening on Port = 3000","level":"info"}
{"message":"Connected to Database","level":"info"}
{"message":"Listening on Port = 3000","level":"info"}
{"message":"Connected to Database","level":"info"}
{"message":"Listening on Port = 3000","level":"info"}
{"message":"Connected to Database","level":"info"}
{"message":"Listening on Port = 3000","level":"info"}
{"message":"Connected to Database","level":"info"}
{"message":"currentDBFileDate  = 2020-04-08","level":"info"}
{"message":"currentGitFileDate  = 04-08-2020","level":"info"}
{"message":"Data is up-to-date","level":"info"}
{"name":"MongoServerSelectionError","reason":{"type":"Single","setName":null,"maxSetVersion":null,"maxElectionId":null,"servers":{},"stale":false,"compatible":true,"compatibilityError":null,"logicalSessionTimeoutMinutes":null,"heartbeatFrequencyMS":10000,"localThresholdMS":15,"commonWireVersion":8},"level":"error","message":"connect ECONNREFUSED 127.0.0.1:27017connect ECONNREFUSED 127.0.0.1:27017","stack":"MongoServerSelectionError: connect ECONNREFUSED 127.0.0.1:27017\n    at Timeout._onTimeout (/home/keerty/repositories/projects/covid-19-stats/node_modules/mongodb/lib/core/sdam/topology.js:430:30)\n    at listOnTimeout (internal/timers.js:531:17)\n    at processTimers (internal/timers.js:475:7)"}
{"message":"currentDBFileDate  = 2020-04-08","level":"info"}
{"message":"currentGitFileDate  = 04-09-2020","level":"info"}
{"level":"info","message":"Data is not up-to-date !!!"}
{"message":"Listening on Port = 3000","level":"info"}
{"message":"Listening on Port = 3000","level":"info"}
{"message":"Listening on Port = 3000","level":"info"}
{"message":"Listening on Port = 3000","level":"info"}
{"message":"Listening on Port = 3000","level":"info"}
{"message":"Listening on Port = 3000","level":"info"}
{"message":"Listening on Port = 3000","level":"info"}
{"message":"Listening on Port = 3000","level":"info"}
{"message":"Listening on Port = 3000","level":"info"}
{"message":"Listening on Port = 3000","level":"info"}
{"message":"Connected to Database","level":"info"}
{"message":"Listening on Port = 3000","level":"info"}
{"message":"Listening on Port = 3000","level":"info"}
{"message":"Listening on Port = 3000","level":"info"}
